<testsuite name="apdev-flights-test-suite" time="2.0479999" failures="0" errors="0" skipped="0" tests="4">
  <properties>
[...]
</properties>
  <testcase time="1.674" name="apdev-flights-test-suite-getFlightsFlowTest" classname="apdev-flights-test-suite"/>
  <testcase time="0.078" name="apdev-flights-test-suite-getAmericanFlightsFlowTest" classname="apdev-flights-test-suite"/>
  <testcase time="0.111" name="apdev-flights-test-suite-postFlightsFlowTest" classname="apdev-flights-test-suite"/>
  <testcase time="0.185" name="apdev-flights-test-suite-postMultipleFlightsFlowTest" classname="apdev-flights-test-suite"/>
</testsuite>